Base path: C:/Program Files (x86)/Unity/Editor/Data
Pipe name: \\.\pipe\UnityShaderCompiler-1-460
Cmd: getPlatforms
Cmd: preprocess
  insize=1359 outsize=1538 ok=1
Cmd: compileSnippet
  api=4 type=0 insize=5323 outsize=4069 kw=DIRECTIONAL SHADOWS_OFF LIGHTMAP_OFF DIRLIGHTMAP_OFF ok=1
Cmd: compileSnippet
  api=4 type=1 insize=5323 outsize=3037 kw=DIRECTIONAL SHADOWS_OFF LIGHTMAP_OFF DIRLIGHTMAP_OFF ok=1
Cmd: compileSnippet
  api=4 type=0 insize=3020 outsize=3720 kw=POINT ok=1
Cmd: compileSnippet
  api=4 type=1 insize=3020 outsize=2883 kw=POINT ok=1
Cmd: compileSnippet
  api=4 type=0 insize=2862 outsize=2915 kw= ok=1
Cmd: compileSnippet
  api=4 type=1 insize=2862 outsize=1550 kw= ok=1
Cmd: compileSnippet
  api=4 type=0 insize=4908 outsize=3842 kw=LIGHTMAP_OFF DIRLIGHTMAP_OFF HDR_LIGHT_PREPASS_OFF ok=1
Cmd: compileSnippet
  api=4 type=1 insize=4908 outsize=2542 kw=LIGHTMAP_OFF DIRLIGHTMAP_OFF HDR_LIGHT_PREPASS_OFF ok=1
Cmd: compileSnippet
  api=4 type=0 insize=3020 outsize=2940 kw=DIRECTIONAL ok=1
Cmd: compileSnippet
  api=4 type=1 insize=3020 outsize=2412 kw=DIRECTIONAL ok=1
